<?xml version="1.0" encoding="UTF-8"?>
<testsuite name="test_gradle_project.MyTests" tests="1" skipped="0" failures="0" errors="0" timestamp="2017-06-22T15:24:17" hostname="Promethium" time="0.005">
  <properties/>
  <testcase name="multiplicationOfZeroIntegersShouldReturnZero" classname="test_gradle_project.MyTests" time="0.005"/>
  <system-out><![CDATA[10 * 0 = 0
0 * 10 = 0
0 * 0 = 0
]]></system-out>
  <system-err><![CDATA[]]></system-err>
</testsuite>
